{
	"/Users/rakesh.e.mishra/Documents/React_Projects/Master_in_React/todo-app/src/Redux/appStore.js": {
		"path": "/Users/rakesh.e.mishra/Documents/React_Projects/Master_in_React/todo-app/src/Redux/appStore.js",
		"statementMap": {
			"0": {
				"start": { "line": 4, "column": 17 },
				"end": { "line": 8, "column": 2 }
			}
		},
		"fnMap": {},
		"branchMap": {},
		"s": { "0": 1 },
		"f": {},
		"b": {},
		"_coverageSchema": "1a1c01bbd47fc00a2c39e90264f33305004495a9",
		"hash": "e123067653adf8675a3e6b6245a84823043cd1e4"
	},
	"/Users/rakesh.e.mishra/Documents/React_Projects/Master_in_React/todo-app/src/Redux/cartSlice.js": {
		"path": "/Users/rakesh.e.mishra/Documents/React_Projects/Master_in_React/todo-app/src/Redux/cartSlice.js",
		"statementMap": {
			"0": {
				"start": { "line": 3, "column": 21 },
				"end": { "line": 5, "column": 1 }
			},
			"1": {
				"start": { "line": 7, "column": 25 },
				"end": { "line": 21, "column": 2 }
			},
			"2": {
				"start": { "line": 12, "column": 3 },
				"end": { "line": 12, "column": 36 }
			},
			"3": {
				"start": { "line": 15, "column": 3 },
				"end": { "line": 15, "column": 21 }
			},
			"4": {
				"start": { "line": 18, "column": 3 },
				"end": { "line": 18, "column": 26 }
			},
			"5": {
				"start": { "line": 23, "column": 50 },
				"end": { "line": 23, "column": 67 }
			}
		},
		"fnMap": {
			"0": {
				"name": "(anonymous_0)",
				"decl": {
					"start": { "line": 11, "column": 11 },
					"end": { "line": 11, "column": 12 }
				},
				"loc": {
					"start": { "line": 11, "column": 30 },
					"end": { "line": 13, "column": 3 }
				},
				"line": 11
			},
			"1": {
				"name": "(anonymous_1)",
				"decl": {
					"start": { "line": 14, "column": 14 },
					"end": { "line": 14, "column": 15 }
				},
				"loc": {
					"start": { "line": 14, "column": 25 },
					"end": { "line": 16, "column": 3 }
				},
				"line": 14
			},
			"2": {
				"name": "(anonymous_2)",
				"decl": {
					"start": { "line": 17, "column": 13 },
					"end": { "line": 17, "column": 14 }
				},
				"loc": {
					"start": { "line": 17, "column": 24 },
					"end": { "line": 19, "column": 3 }
				},
				"line": 17
			}
		},
		"branchMap": {},
		"s": { "0": 1, "1": 1, "2": 0, "3": 0, "4": 0, "5": 1 },
		"f": { "0": 0, "1": 0, "2": 0 },
		"b": {},
		"_coverageSchema": "1a1c01bbd47fc00a2c39e90264f33305004495a9",
		"hash": "f672f277eb93a544ce259c81d1172756c5f19dff"
	},
	"/Users/rakesh.e.mishra/Documents/React_Projects/Master_in_React/todo-app/src/components/Button.jsx": {
		"path": "/Users/rakesh.e.mishra/Documents/React_Projects/Master_in_React/todo-app/src/components/Button.jsx",
		"statementMap": {
			"0": {
				"start": { "line": 1, "column": 15 },
				"end": { "line": 10, "column": 1 }
			},
			"1": {
				"start": { "line": 2, "column": 1 },
				"end": { "line": 9, "column": 3 }
			}
		},
		"fnMap": {
			"0": {
				"name": "(anonymous_0)",
				"decl": {
					"start": { "line": 1, "column": 15 },
					"end": { "line": 1, "column": 16 }
				},
				"loc": {
					"start": { "line": 1, "column": 26 },
					"end": { "line": 10, "column": 1 }
				},
				"line": 1
			}
		},
		"branchMap": {},
		"s": { "0": 1, "1": 4 },
		"f": { "0": 4 },
		"b": {},
		"_coverageSchema": "1a1c01bbd47fc00a2c39e90264f33305004495a9",
		"hash": "7f6da17ff6d0a1a8e233a09e1a23349fb23863df"
	},
	"/Users/rakesh.e.mishra/Documents/React_Projects/Master_in_React/todo-app/src/components/HeaderComponent.jsx": {
		"path": "/Users/rakesh.e.mishra/Documents/React_Projects/Master_in_React/todo-app/src/components/HeaderComponent.jsx",
		"statementMap": {
			"0": {
				"start": { "line": 4, "column": 24 },
				"end": { "line": 36, "column": 1 }
			},
			"1": {
				"start": { "line": 6, "column": 19 },
				"end": { "line": 6, "column": 59 }
			},
			"2": {
				"start": { "line": 6, "column": 42 },
				"end": { "line": 6, "column": 58 }
			},
			"3": {
				"start": { "line": 8, "column": 1 },
				"end": { "line": 35, "column": 3 }
			}
		},
		"fnMap": {
			"0": {
				"name": "(anonymous_0)",
				"decl": {
					"start": { "line": 4, "column": 24 },
					"end": { "line": 4, "column": 25 }
				},
				"loc": {
					"start": { "line": 4, "column": 30 },
					"end": { "line": 36, "column": 1 }
				},
				"line": 4
			},
			"1": {
				"name": "(anonymous_1)",
				"decl": {
					"start": { "line": 6, "column": 31 },
					"end": { "line": 6, "column": 32 }
				},
				"loc": {
					"start": { "line": 6, "column": 42 },
					"end": { "line": 6, "column": 58 }
				},
				"line": 6
			}
		},
		"branchMap": {},
		"s": { "0": 1, "1": 1, "2": 2, "3": 1 },
		"f": { "0": 1, "1": 2 },
		"b": {},
		"_coverageSchema": "1a1c01bbd47fc00a2c39e90264f33305004495a9",
		"hash": "207a8f845dd98f14612cdd38eab7512b37f7b972"
	},
	"/Users/rakesh.e.mishra/Documents/React_Projects/Master_in_React/todo-app/src/screen/Contact.jsx": {
		"path": "/Users/rakesh.e.mishra/Documents/React_Projects/Master_in_React/todo-app/src/screen/Contact.jsx",
		"statementMap": {
			"0": {
				"start": { "line": 5, "column": 16 },
				"end": { "line": 32, "column": 1 }
			},
			"1": {
				"start": { "line": 6, "column": 37 },
				"end": { "line": 6, "column": 49 }
			},
			"2": {
				"start": { "line": 7, "column": 39 },
				"end": { "line": 7, "column": 51 }
			},
			"3": {
				"start": { "line": 9, "column": 23 },
				"end": { "line": 11, "column": 2 }
			},
			"4": {
				"start": { "line": 10, "column": 2 },
				"end": { "line": 10, "column": 31 }
			},
			"5": {
				"start": { "line": 12, "column": 1 },
				"end": { "line": 31, "column": 3 }
			},
			"6": {
				"start": { "line": 20, "column": 22 },
				"end": { "line": 20, "column": 51 }
			},
			"7": {
				"start": { "line": 26, "column": 22 },
				"end": { "line": 26, "column": 52 }
			}
		},
		"fnMap": {
			"0": {
				"name": "(anonymous_0)",
				"decl": {
					"start": { "line": 5, "column": 16 },
					"end": { "line": 5, "column": 17 }
				},
				"loc": {
					"start": { "line": 5, "column": 22 },
					"end": { "line": 32, "column": 1 }
				},
				"line": 5
			},
			"1": {
				"name": "(anonymous_1)",
				"decl": {
					"start": { "line": 9, "column": 23 },
					"end": { "line": 9, "column": 24 }
				},
				"loc": {
					"start": { "line": 9, "column": 29 },
					"end": { "line": 11, "column": 2 }
				},
				"line": 9
			},
			"2": {
				"name": "(anonymous_2)",
				"decl": {
					"start": { "line": 20, "column": 15 },
					"end": { "line": 20, "column": 16 }
				},
				"loc": {
					"start": { "line": 20, "column": 22 },
					"end": { "line": 20, "column": 51 }
				},
				"line": 20
			},
			"3": {
				"name": "(anonymous_3)",
				"decl": {
					"start": { "line": 26, "column": 15 },
					"end": { "line": 26, "column": 16 }
				},
				"loc": {
					"start": { "line": 26, "column": 22 },
					"end": { "line": 26, "column": 52 }
				},
				"line": 26
			}
		},
		"branchMap": {},
		"s": { "0": 1, "1": 4, "2": 4, "3": 4, "4": 0, "5": 4, "6": 0, "7": 0 },
		"f": { "0": 4, "1": 0, "2": 0, "3": 0 },
		"b": {},
		"_coverageSchema": "1a1c01bbd47fc00a2c39e90264f33305004495a9",
		"hash": "ec1a3b295d6926776e0a49cfcea9967763b7c75e"
	}
}
